mode: set
github.com/kyosenergy-engineering/evicted-pod-reaper/cmd/manager/main.go:28.13,30.2 1 1
github.com/kyosenergy-engineering/evicted-pod-reaper/cmd/manager/main.go:32.13,70.53 16 0
github.com/kyosenergy-engineering/evicted-pod-reaper/cmd/manager/main.go:70.53,74.38 2 0
github.com/kyosenergy-engineering/evicted-pod-reaper/cmd/manager/main.go:74.38,76.4 1 0
github.com/kyosenergy-engineering/evicted-pod-reaper/cmd/manager/main.go:79.2,80.16 2 0
github.com/kyosenergy-engineering/evicted-pod-reaper/cmd/manager/main.go:80.16,83.3 2 0
github.com/kyosenergy-engineering/evicted-pod-reaper/cmd/manager/main.go:86.2,95.39 3 0
github.com/kyosenergy-engineering/evicted-pod-reaper/cmd/manager/main.go:95.39,98.3 2 0
github.com/kyosenergy-engineering/evicted-pod-reaper/cmd/manager/main.go:100.2,100.69 1 0
github.com/kyosenergy-engineering/evicted-pod-reaper/cmd/manager/main.go:100.69,103.3 2 0
github.com/kyosenergy-engineering/evicted-pod-reaper/cmd/manager/main.go:104.2,104.67 1 0
github.com/kyosenergy-engineering/evicted-pod-reaper/cmd/manager/main.go:104.67,107.3 2 0
github.com/kyosenergy-engineering/evicted-pod-reaper/cmd/manager/main.go:109.2,110.61 2 0
github.com/kyosenergy-engineering/evicted-pod-reaper/cmd/manager/main.go:110.61,113.3 2 0
github.com/kyosenergy-engineering/evicted-pod-reaper/cmd/manager/main.go:116.43,117.15 1 1
github.com/kyosenergy-engineering/evicted-pod-reaper/cmd/manager/main.go:117.15,119.3 1 1
github.com/kyosenergy-engineering/evicted-pod-reaper/cmd/manager/main.go:120.2,121.28 2 1
github.com/kyosenergy-engineering/evicted-pod-reaper/cmd/manager/main.go:121.28,123.3 1 1
github.com/kyosenergy-engineering/evicted-pod-reaper/cmd/manager/main.go:124.2,124.19 1 1
github.com/kyosenergy-engineering/evicted-pod-reaper/cmd/manager/main.go:127.31,128.15 1 1
github.com/kyosenergy-engineering/evicted-pod-reaper/cmd/manager/main.go:128.15,130.3 1 1
github.com/kyosenergy-engineering/evicted-pod-reaper/cmd/manager/main.go:131.2,132.16 2 1
github.com/kyosenergy-engineering/evicted-pod-reaper/cmd/manager/main.go:132.16,135.3 2 1
github.com/kyosenergy-engineering/evicted-pod-reaper/cmd/manager/main.go:136.2,136.12 1 1
github.com/kyosenergy-engineering/evicted-pod-reaper/internal/metrics/metrics.go:14.34,31.2 1 1
github.com/kyosenergy-engineering/evicted-pod-reaper/internal/metrics/metrics.go:34.63,37.2 2 1
github.com/kyosenergy-engineering/evicted-pod-reaper/internal/metrics/metrics.go:40.51,42.2 1 1
github.com/kyosenergy-engineering/evicted-pod-reaper/internal/metrics/metrics.go:45.51,47.2 1 1
github.com/kyosenergy-engineering/evicted-pod-reaper/internal/controller/pod_controller.go:33.95,39.16 4 1
github.com/kyosenergy-engineering/evicted-pod-reaper/internal/controller/pod_controller.go:39.16,40.29 1 1
github.com/kyosenergy-engineering/evicted-pod-reaper/internal/controller/pod_controller.go:40.29,43.4 1 1
github.com/kyosenergy-engineering/evicted-pod-reaper/internal/controller/pod_controller.go:44.3,45.28 2 1
github.com/kyosenergy-engineering/evicted-pod-reaper/internal/controller/pod_controller.go:49.2,49.26 1 1
github.com/kyosenergy-engineering/evicted-pod-reaper/internal/controller/pod_controller.go:49.26,52.3 2 1
github.com/kyosenergy-engineering/evicted-pod-reaper/internal/controller/pod_controller.go:55.2,55.30 1 1
github.com/kyosenergy-engineering/evicted-pod-reaper/internal/controller/pod_controller.go:55.30,59.3 3 1
github.com/kyosenergy-engineering/evicted-pod-reaper/internal/controller/pod_controller.go:62.2,62.28 1 1
github.com/kyosenergy-engineering/evicted-pod-reaper/internal/controller/pod_controller.go:62.28,66.3 3 1
github.com/kyosenergy-engineering/evicted-pod-reaper/internal/controller/pod_controller.go:69.2,70.43 2 1
github.com/kyosenergy-engineering/evicted-pod-reaper/internal/controller/pod_controller.go:70.43,73.3 2 1
github.com/kyosenergy-engineering/evicted-pod-reaper/internal/controller/pod_controller.go:75.2,78.27 3 1
github.com/kyosenergy-engineering/evicted-pod-reaper/internal/controller/pod_controller.go:82.60,84.2 1 1
github.com/kyosenergy-engineering/evicted-pod-reaper/internal/controller/pod_controller.go:87.65,88.28 1 1
github.com/kyosenergy-engineering/evicted-pod-reaper/internal/controller/pod_controller.go:88.28,90.3 1 1
github.com/kyosenergy-engineering/evicted-pod-reaper/internal/controller/pod_controller.go:91.2,91.54 1 1
github.com/kyosenergy-engineering/evicted-pod-reaper/internal/controller/pod_controller.go:95.62,96.33 1 1
github.com/kyosenergy-engineering/evicted-pod-reaper/internal/controller/pod_controller.go:96.33,99.3 1 1
github.com/kyosenergy-engineering/evicted-pod-reaper/internal/controller/pod_controller.go:101.2,102.58 2 1
github.com/kyosenergy-engineering/evicted-pod-reaper/internal/controller/pod_controller.go:106.77,107.33 1 1
github.com/kyosenergy-engineering/evicted-pod-reaper/internal/controller/pod_controller.go:107.33,109.3 1 1
github.com/kyosenergy-engineering/evicted-pod-reaper/internal/controller/pod_controller.go:111.2,114.27 3 1
github.com/kyosenergy-engineering/evicted-pod-reaper/internal/controller/pod_controller.go:114.27,116.3 1 1
github.com/kyosenergy-engineering/evicted-pod-reaper/internal/controller/pod_controller.go:118.2,118.29 1 1
github.com/kyosenergy-engineering/evicted-pod-reaper/internal/controller/pod_controller.go:122.66,124.78 1 0
github.com/kyosenergy-engineering/evicted-pod-reaper/internal/controller/pod_controller.go:124.78,126.10 2 0
github.com/kyosenergy-engineering/evicted-pod-reaper/internal/controller/pod_controller.go:126.10,128.4 1 0
github.com/kyosenergy-engineering/evicted-pod-reaper/internal/controller/pod_controller.go:129.3,129.46 1 0
github.com/kyosenergy-engineering/evicted-pod-reaper/internal/controller/pod_controller.go:132.2,135.14 1 0
